TN:
SF:src/modules/appointments/services/CreateAppointmentService.ts
FN:18,(anonymous_17)
FN:19,CreateAppointmentService
FN:28,(anonymous_19)
FNF:3
FNH:3
FNDA:1,(anonymous_17)
FNDA:5,CreateAppointmentService
FNDA:7,(anonymous_19)
DA:1,1
DA:2,1
DA:4,1
DA:18,1
DA:21,5
DA:23,5
DA:25,5
DA:28,1
DA:29,7
DA:30,7
DA:31,7
DA:33,7
DA:35,7
DA:36,1
DA:39,6
DA:40,1
DA:43,5
DA:44,2
DA:49,3
DA:54,3
DA:55,1
DA:58,2
DA:64,2
DA:66,4
DA:71,4
DA:78,2
DA:80,1
DA:82,1
LF:28
LH:28
BRDA:35,0,0,1
BRDA:35,0,1,6
BRDA:39,1,0,1
BRDA:39,1,1,5
BRDA:43,2,0,2
BRDA:43,2,1,3
BRDA:43,3,0,5
BRDA:43,3,1,4
BRDA:54,4,0,1
BRDA:54,4,1,2
BRF:10
BRH:10
end_of_record
TN:
SF:src/modules/appointments/services/ListProviderAppointmentsService.ts
FN:16,(anonymous_16)
FN:17,ListProviderAppointmentsService
FN:24,(anonymous_18)
FNF:3
FNH:3
FNDA:1,(anonymous_16)
FNDA:1,ListProviderAppointmentsService
FNDA:1,(anonymous_18)
DA:1,1
DA:4,1
DA:16,1
DA:19,1
DA:21,1
DA:24,1
DA:25,1
DA:26,1
DA:27,1
DA:28,1
DA:30,1
DA:31,1
DA:35,1
DA:36,1
DA:45,2
DA:48,1
DA:50,1
DA:52,1
LF:18
LH:18
BRDA:48,0,0,1
BRDA:35,1,0,0
BRDA:35,1,1,1
BRF:3
BRH:2
end_of_record
TN:
SF:src/modules/appointments/services/ListProviderDayAvailabilityService.ts
FN:19,(anonymous_16)
FN:20,ListProviderDayAvailabilityService
FN:25,(anonymous_18)
FN:44,(anonymous_21)
FN:49,(anonymous_22)
FN:51,(anonymous_23)
FNF:6
FNH:6
FNDA:1,(anonymous_16)
FNDA:1,ListProviderDayAvailabilityService
FNDA:1,(anonymous_18)
FNDA:10,(anonymous_21)
FNDA:10,(anonymous_22)
FNDA:19,(anonymous_23)
DA:1,1
DA:2,1
DA:19,1
DA:22,1
DA:25,1
DA:26,1
DA:27,1
DA:28,1
DA:29,1
DA:31,1
DA:40,1
DA:42,1
DA:44,10
DA:47,1
DA:49,1
DA:50,10
DA:51,19
DA:54,10
DA:56,10
DA:62,1
DA:64,1
DA:66,1
LF:22
LH:22
BRDA:31,0,0,1
BRDA:58,1,0,10
BRDA:58,1,1,8
BRF:3
BRH:3
end_of_record
TN:
SF:src/modules/appointments/services/ListProviderMonthAvailabilityService.ts
FN:18,(anonymous_16)
FN:19,ListProviderMonthAvailabilityService
FN:24,(anonymous_18)
FN:41,(anonymous_21)
FN:44,(anonymous_22)
FN:47,(anonymous_23)
FNF:6
FNH:6
FNDA:1,(anonymous_16)
FNDA:1,ListProviderMonthAvailabilityService
FNDA:1,(anonymous_18)
FNDA:31,(anonymous_21)
FNDA:31,(anonymous_22)
FNDA:341,(anonymous_23)
DA:1,1
DA:2,1
DA:18,1
DA:21,1
DA:24,1
DA:25,1
DA:26,1
DA:27,1
DA:29,1
DA:37,1
DA:39,1
DA:41,31
DA:44,1
DA:45,31
DA:47,31
DA:48,341
DA:51,31
DA:58,1
DA:60,1
DA:62,1
LF:20
LH:20
BRDA:29,0,0,1
BRDA:54,1,0,31
BRDA:54,1,1,0
BRF:3
BRH:2
end_of_record
TN:
SF:src/modules/appointments/services/ListProvidersService.ts
FN:13,(anonymous_16)
FN:14,ListProvidersService
FN:21,(anonymous_18)
FNF:3
FNH:3
FNDA:1,(anonymous_16)
FNDA:1,ListProvidersService
FNDA:1,(anonymous_18)
DA:1,1
DA:13,1
DA:16,1
DA:18,1
DA:21,1
DA:22,1
DA:26,1
DA:27,1
DA:31,1
DA:33,2
DA:36,1
DA:38,1
DA:40,1
LF:13
LH:13
BRDA:22,0,0,1
BRDA:22,0,1,1
BRDA:26,1,0,0
BRDA:26,1,1,1
BRF:4
BRH:3
end_of_record
TN:
SF:src/modules/users/services/AuthenticateUserService.ts
FN:22,(anonymous_17)
FN:23,AuthenticateUserService
FN:30,(anonymous_19)
FNF:3
FNH:3
FNDA:1,(anonymous_17)
FNDA:3,AuthenticateUserService
FNDA:3,(anonymous_19)
DA:1,1
DA:2,1
DA:3,1
DA:5,1
DA:22,1
DA:25,3
DA:27,3
DA:30,3
DA:31,3
DA:33,3
DA:35,3
DA:36,1
DA:39,2
DA:44,2
DA:45,1
DA:48,1
DA:50,1
DA:55,1
DA:60,1
DA:62,1
LF:20
LH:20
BRDA:35,0,0,1
BRDA:35,0,1,2
BRDA:44,1,0,1
BRDA:44,1,1,1
BRF:4
BRH:4
end_of_record
TN:
SF:src/modules/users/services/CreateUserService.ts
FN:17,(anonymous_17)
FN:18,CreateUserService
FN:27,(anonymous_19)
FNF:3
FNH:3
FNDA:2,(anonymous_17)
FNDA:5,CreateUserService
FNDA:5,(anonymous_19)
DA:1,2
DA:3,2
DA:17,2
DA:20,5
DA:22,5
DA:24,5
DA:27,2
DA:28,5
DA:29,5
DA:30,5
DA:32,5
DA:34,5
DA:35,1
DA:38,4
DA:40,4
DA:46,8
DA:48,4
DA:50,2
DA:52,2
LF:19
LH:19
BRDA:32,0,0,5
BRDA:34,1,0,1
BRDA:34,1,1,4
BRF:3
BRH:3
end_of_record
TN:
SF:src/modules/users/services/ResetPasswordService.ts
FN:15,(anonymous_17)
FN:16,ResetPasswordService
FN:27,(anonymous_19)
FNF:3
FNH:3
FNDA:1,(anonymous_17)
FNDA:4,ResetPasswordService
FNDA:4,(anonymous_19)
DA:1,1
DA:2,1
DA:4,1
DA:15,1
DA:18,4
DA:21,4
DA:24,4
DA:27,4
DA:28,4
DA:30,4
DA:31,1
DA:34,3
DA:36,3
DA:37,1
DA:40,2
DA:42,2
DA:43,1
DA:46,1
DA:48,2
DA:50,1
DA:52,1
LF:21
LH:21
BRDA:28,0,0,4
BRDA:30,1,0,1
BRDA:30,1,1,3
BRDA:36,2,0,1
BRDA:36,2,1,2
BRDA:42,3,0,1
BRDA:42,3,1,1
BRF:7
BRH:7
end_of_record
TN:
SF:src/modules/users/services/SendForgotPasswordEmailService.ts
FN:14,(anonymous_17)
FN:15,SendForgotPasswordEmailService
FN:24,(anonymous_19)
FNF:3
FNH:3
FNDA:1,(anonymous_17)
FNDA:3,SendForgotPasswordEmailService
FNDA:3,(anonymous_19)
DA:1,1
DA:2,1
DA:4,1
DA:14,1
DA:17,3
DA:19,3
DA:21,3
DA:24,3
DA:25,3
DA:27,3
DA:28,1
DA:31,2
DA:33,2
DA:40,4
DA:55,1
DA:57,1
LF:16
LH:16
BRDA:25,0,0,3
BRDA:27,1,0,1
BRDA:27,1,1,2
BRF:3
BRH:3
end_of_record
TN:
SF:src/modules/users/services/ShowProfileService.ts
FN:13,(anonymous_17)
FN:14,ShowProfileService
FN:19,(anonymous_19)
FNF:3
FNH:3
FNDA:1,(anonymous_17)
FNDA:2,ShowProfileService
FNDA:2,(anonymous_19)
DA:1,1
DA:3,1
DA:13,1
DA:16,2
DA:19,2
DA:20,2
DA:22,2
DA:23,1
DA:26,1
DA:28,1
DA:30,1
LF:11
LH:11
BRDA:20,0,0,2
BRDA:22,1,0,1
BRDA:22,1,1,1
BRF:3
BRH:3
end_of_record
TN:
SF:src/modules/users/services/UpdateProfileService.ts
FN:18,(anonymous_17)
FN:19,UpdateProfileService
FN:26,(anonymous_19)
FNF:3
FNH:3
FNDA:1,(anonymous_17)
FNDA:6,UpdateProfileService
FNDA:6,(anonymous_19)
DA:1,1
DA:3,1
DA:18,1
DA:21,6
DA:23,6
DA:26,1
DA:27,6
DA:28,6
DA:29,6
DA:30,6
DA:31,6
DA:33,6
DA:35,6
DA:36,1
DA:39,5
DA:41,5
DA:42,1
DA:45,4
DA:47,4
DA:48,1
DA:53,4
DA:54,2
DA:59,2
DA:60,1
DA:63,1
DA:66,2
DA:68,1
DA:70,1
LF:28
LH:28
BRDA:33,0,0,6
BRDA:33,0,1,2
BRDA:35,1,0,1
BRDA:35,1,1,5
BRDA:41,2,0,1
BRDA:41,2,1,4
BRDA:41,3,0,5
BRDA:41,3,1,1
BRDA:47,4,0,1
BRDA:47,4,1,3
BRDA:47,5,0,4
BRDA:47,5,1,3
BRDA:53,6,0,1
BRDA:53,6,1,2
BRDA:53,7,0,3
BRDA:53,7,1,2
BRDA:59,8,0,1
BRDA:59,8,1,1
BRF:18
BRH:18
end_of_record
TN:
SF:src/modules/users/services/UpdateUserAvatarService.ts
FN:15,(anonymous_17)
FN:16,UpdateUserAvatarService
FN:23,(anonymous_19)
FNF:3
FNH:3
FNDA:1,(anonymous_17)
FNDA:3,UpdateUserAvatarService
FNDA:4,(anonymous_19)
DA:1,1
DA:3,1
DA:15,1
DA:18,3
DA:20,3
DA:23,4
DA:24,4
DA:26,4
DA:27,1
DA:30,5
DA:31,2
DA:34,3
DA:36,3
DA:38,6
DA:40,3
DA:42,3
DA:44,1
DA:46,1
LF:18
LH:18
BRDA:24,0,0,4
BRDA:24,0,1,3
BRDA:26,1,0,1
BRDA:26,1,1,3
BRDA:30,2,0,2
BRDA:30,2,1,1
BRF:6
BRH:6
end_of_record
